2022-02-11 15:54:15.598  INFO 21056 --- [restartedMain] com.bf.BfApplication                     : Starting BfApplication using Java 1.8.0_192 on DESKTOP-KVCQHCD with PID 21056 (C:\Users\multicampus\Desktop\bf_sub_git\S06P12B107\backend\bf\target\classes started by SSAFY in C:\Users\multicampus\Desktop\bf_sub_git\S06P12B107\backend\bf)
2022-02-11 15:54:15.604  INFO 21056 --- [restartedMain] com.bf.BfApplication                     : No active profile set, falling back to default profiles: default
2022-02-11 15:54:15.667  INFO 21056 --- [restartedMain] .e.DevToolsPropertyDefaultsPostProcessor : Devtools property defaults active! Set 'spring.devtools.add-properties' to 'false' to disable
2022-02-11 15:54:15.668  INFO 21056 --- [restartedMain] .e.DevToolsPropertyDefaultsPostProcessor : For additional web related logging consider setting the 'logging.level.web' property to 'DEBUG'
2022-02-11 15:54:17.256  INFO 21056 --- [restartedMain] .s.d.r.c.RepositoryConfigurationDelegate : Bootstrapping Spring Data JPA repositories in DEFERRED mode.
2022-02-11 15:54:17.329  INFO 21056 --- [restartedMain] .s.d.r.c.RepositoryConfigurationDelegate : Finished Spring Data repository scanning in 65 ms. Found 2 JPA repository interfaces.
2022-02-11 15:54:17.598  INFO 21056 --- [restartedMain] trationDelegate$BeanPostProcessorChecker : Bean 'org.springframework.security.access.expression.method.DefaultMethodSecurityExpressionHandler@6f7e258a' of type [org.springframework.security.access.expression.method.DefaultMethodSecurityExpressionHandler] is not eligible for getting processed by all BeanPostProcessors (for example: not eligible for auto-proxying)
2022-02-11 15:54:17.602  INFO 21056 --- [restartedMain] trationDelegate$BeanPostProcessorChecker : Bean 'methodSecurityMetadataSource' of type [org.springframework.security.access.method.DelegatingMethodSecurityMetadataSource] is not eligible for getting processed by all BeanPostProcessors (for example: not eligible for auto-proxying)
2022-02-11 15:54:17.813  INFO 21056 --- [restartedMain] o.s.b.w.embedded.tomcat.TomcatWebServer  : Tomcat initialized with port(s): 8080 (http)
2022-02-11 15:54:17.821  INFO 21056 --- [restartedMain] o.apache.catalina.core.StandardService   : Starting service [Tomcat]
2022-02-11 15:54:17.821  INFO 21056 --- [restartedMain] org.apache.catalina.core.StandardEngine  : Starting Servlet engine: [Apache Tomcat/9.0.39]
2022-02-11 15:54:17.923  INFO 21056 --- [restartedMain] o.a.c.c.C.[Tomcat].[localhost].[/]       : Initializing Spring embedded WebApplicationContext
2022-02-11 15:54:17.923  INFO 21056 --- [restartedMain] w.s.c.ServletWebServerApplicationContext : Root WebApplicationContext: initialization completed in 2254 ms
2022-02-11 15:54:18.057 DEBUG 21056 --- [restartedMain] o.s.w.f.CommonsRequestLoggingFilter      : Filter 'commonsRequestLoggingFilter' configured for use
2022-02-11 15:54:18.252  INFO 21056 --- [restartedMain] o.s.s.concurrent.ThreadPoolTaskExecutor  : Initializing ExecutorService 'applicationTaskExecutor'
2022-02-11 15:54:18.322  INFO 21056 --- [task-1] o.hibernate.jpa.internal.util.LogHelper  : HHH000204: Processing PersistenceUnitInfo [name: default]
2022-02-11 15:54:18.482  INFO 21056 --- [task-1] org.hibernate.Version                    : HHH000412: Hibernate ORM core version 5.4.23.Final
2022-02-11 15:54:18.595  WARN 21056 --- [restartedMain] JpaBaseConfiguration$JpaWebConfiguration : spring.jpa.open-in-view is enabled by default. Therefore, database queries may be performed during view rendering. Explicitly configure spring.jpa.open-in-view to disable this warning
2022-02-11 15:54:18.654  INFO 21056 --- [task-1] o.hibernate.annotations.common.Version   : HCANN000001: Hibernate Commons Annotations {5.1.2.Final}
2022-02-11 15:54:18.767  INFO 21056 --- [task-1] com.zaxxer.hikari.HikariDataSource       : HikariPool-1 - Starting...
2022-02-11 15:54:18.960  INFO 21056 --- [task-1] com.zaxxer.hikari.HikariDataSource       : HikariPool-1 - Start completed.
2022-02-11 15:54:18.972  INFO 21056 --- [task-1] org.hibernate.dialect.Dialect            : HHH000400: Using dialect: org.hibernate.dialect.MySQL57Dialect
2022-02-11 15:54:19.075 DEBUG 21056 --- [restartedMain] s.w.s.m.m.a.RequestMappingHandlerMapping : 28 mappings in 'requestMappingHandlerMapping'
2022-02-11 15:54:19.178  INFO 21056 --- [restartedMain] o.s.b.a.e.web.EndpointLinksResolver      : Exposing 2 endpoint(s) beneath base path '/actuator'
2022-02-11 15:54:19.400  INFO 21056 --- [restartedMain] o.s.s.web.DefaultSecurityFilterChain     : Will secure any request with [org.springframework.security.web.context.request.async.WebAsyncManagerIntegrationFilter@3a782b71, org.springframework.security.web.context.SecurityContextPersistenceFilter@8d01e7b, org.springframework.security.web.header.HeaderWriterFilter@7a780963, org.springframework.web.filter.CorsFilter@3f34ce98, org.springframework.security.web.authentication.logout.LogoutFilter@76d00589, com.bf.common.auth.JwtAuthenticationFilter@15b8ca53, org.springframework.security.web.savedrequest.RequestCacheAwareFilter@41922eca, org.springframework.security.web.servletapi.SecurityContextHolderAwareRequestFilter@5fe85746, org.springframework.security.web.authentication.AnonymousAuthenticationFilter@1e6cfcd1, org.springframework.security.web.session.SessionManagementFilter@171dac77, org.springframework.security.web.access.ExceptionTranslationFilter@6338f57, org.springframework.security.web.access.intercept.FilterSecurityInterceptor@4721a34a]
2022-02-11 15:54:19.637  INFO 21056 --- [task-1] o.h.e.t.j.p.i.JtaPlatformInitiator       : HHH000490: Using JtaPlatform implementation: [org.hibernate.engine.transaction.jta.platform.internal.NoJtaPlatform]
2022-02-11 15:54:19.644  INFO 21056 --- [task-1] j.LocalContainerEntityManagerFactoryBean : Initialized JPA EntityManagerFactory for persistence unit 'default'
2022-02-11 15:54:19.908  INFO 21056 --- [restartedMain] o.s.b.d.a.OptionalLiveReloadServer       : LiveReload server is running on port 35729
2022-02-11 15:54:19.915 DEBUG 21056 --- [restartedMain] s.w.s.m.m.a.RequestMappingHandlerAdapter : ControllerAdvice beans: 0 @ModelAttribute, 0 @InitBinder, 1 RequestBodyAdvice, 1 ResponseBodyAdvice
2022-02-11 15:54:19.933  INFO 21056 --- [restartedMain] o.s.b.a.w.s.WelcomePageHandlerMapping    : Adding welcome page: class path resource [dist/index.html]
2022-02-11 15:54:19.941 DEBUG 21056 --- [restartedMain] o.s.w.s.handler.SimpleUrlHandlerMapping  : Patterns [/swagger-ui/] in 'viewControllerHandlerMapping'
2022-02-11 15:54:19.952 DEBUG 21056 --- [restartedMain] o.s.w.s.c.annotation.WebMvcConfigurer    : Default resource handling disabled
2022-02-11 15:54:19.957 DEBUG 21056 --- [restartedMain] o.s.w.s.handler.SimpleUrlHandlerMapping  : Patterns [/resources/**, /swagger-ui.html, /webjars/**, /css/**, /fonts/**, /icons/**, /img/**, /js/**, /swagger-ui/**] in 'resourceHandlerMapping'
2022-02-11 15:54:19.964 DEBUG 21056 --- [restartedMain] .m.m.a.ExceptionHandlerExceptionResolver : ControllerAdvice beans: 1 @ExceptionHandler, 1 ResponseBodyAdvice
2022-02-11 15:54:20.157  INFO 21056 --- [restartedMain] o.s.b.w.embedded.tomcat.TomcatWebServer  : Tomcat started on port(s): 8080 (http) with context path ''
2022-02-11 15:54:20.407  INFO 21056 --- [restartedMain] DeferredRepositoryInitializationListener : Triggering deferred initialization of Spring Data repositories…
2022-02-11 15:54:20.508  INFO 21056 --- [restartedMain] DeferredRepositoryInitializationListener : Spring Data repositories initialized!
2022-02-11 15:54:20.519  INFO 21056 --- [restartedMain] com.bf.BfApplication                     : Started BfApplication in 5.375 seconds (JVM running for 6.862)
2022-02-11 15:54:20.938  INFO 21056 --- [RMI TCP Connection(5)-172.18.64.1] o.a.c.c.C.[Tomcat].[localhost].[/]       : Initializing Spring DispatcherServlet 'dispatcherServlet'
2022-02-11 15:54:20.939  INFO 21056 --- [RMI TCP Connection(5)-172.18.64.1] o.s.web.servlet.DispatcherServlet        : Initializing Servlet 'dispatcherServlet'
2022-02-11 15:54:20.939 DEBUG 21056 --- [RMI TCP Connection(5)-172.18.64.1] o.s.web.servlet.DispatcherServlet        : Detected StandardServletMultipartResolver
2022-02-11 15:54:20.940 DEBUG 21056 --- [RMI TCP Connection(5)-172.18.64.1] o.s.web.servlet.DispatcherServlet        : Detected AcceptHeaderLocaleResolver
2022-02-11 15:54:20.940 DEBUG 21056 --- [RMI TCP Connection(5)-172.18.64.1] o.s.web.servlet.DispatcherServlet        : Detected FixedThemeResolver
2022-02-11 15:54:20.942 DEBUG 21056 --- [RMI TCP Connection(5)-172.18.64.1] o.s.web.servlet.DispatcherServlet        : Detected org.springframework.web.servlet.view.DefaultRequestToViewNameTranslator@6b87a52a
2022-02-11 15:54:20.943 DEBUG 21056 --- [RMI TCP Connection(5)-172.18.64.1] o.s.web.servlet.DispatcherServlet        : Detected org.springframework.web.servlet.support.SessionFlashMapManager@3104f8
2022-02-11 15:54:20.943 DEBUG 21056 --- [RMI TCP Connection(5)-172.18.64.1] o.s.web.servlet.DispatcherServlet        : enableLoggingRequestDetails='false': request parameters and headers will be masked to prevent unsafe logging of potentially sensitive data
2022-02-11 15:54:20.943  INFO 21056 --- [RMI TCP Connection(5)-172.18.64.1] o.s.web.servlet.DispatcherServlet        : Completed initialization in 4 ms
